2025-08-14 19:21:33 [INFO] Adding job tentatively -- it will be properly scheduled when the scheduler starts
2025-08-14 19:21:33 [INFO] Added job "trading_job" to job store "default"
2025-08-14 19:21:33 [INFO] Scheduler started
2025-08-14 19:30:00 [INFO] Running job "trading_job (trigger: cron[day_of_week='mon-sun', hour='*', minute='15,30,45,0'], next run at: 2025-08-14 19:30:00 WAT)" (scheduled at 2025-08-14 19:30:00+01:00)
2025-08-14 19:31:00 [WARNING] initialize_mt5 returned None (attempt: 1). 
 Trying again in 2 seconds
2025-08-14 19:32:03 [WARNING] initialize_mt5 returned None (attempt: 2). 
 Trying again in 2 seconds
2025-08-14 19:33:05 [WARNING] initialize_mt5 returned None (attempt: 3). 
 Trying again in 2 seconds
2025-08-14 19:33:07 [ERROR] initialize_mt5 failed after 3 attempts
2025-08-14 19:33:07 [INFO] Job "trading_job (trigger: cron[day_of_week='mon-sun', hour='*', minute='15,30,45,0'], next run at: 2025-08-14 19:45:00 WAT)" executed successfully
2025-08-14 19:45:00 [INFO] Running job "trading_job (trigger: cron[day_of_week='mon-sun', hour='*', minute='15,30,45,0'], next run at: 2025-08-14 20:00:00 WAT)" (scheduled at 2025-08-14 19:45:00+01:00)
2025-08-14 19:46:00 [WARNING] initialize_mt5 returned None (attempt: 1). 
 Trying again in 2 seconds
2025-08-14 19:47:02 [WARNING] initialize_mt5 returned None (attempt: 2). 
 Trying again in 2 seconds
2025-08-14 19:48:05 [WARNING] initialize_mt5 returned None (attempt: 3). 
 Trying again in 2 seconds
2025-08-14 19:48:07 [ERROR] initialize_mt5 failed after 3 attempts
2025-08-14 19:48:07 [INFO] Job "trading_job (trigger: cron[day_of_week='mon-sun', hour='*', minute='15,30,45,0'], next run at: 2025-08-14 20:00:00 WAT)" executed successfully
2025-08-14 20:00:00 [INFO] Running job "trading_job (trigger: cron[day_of_week='mon-sun', hour='*', minute='15,30,45,0'], next run at: 2025-08-14 20:15:00 WAT)" (scheduled at 2025-08-14 20:00:00+01:00)
2025-08-14 20:00:00 [INFO] MT5 initialized successfully
2025-08-14 20:00:00 [INFO] Successfully logged into 40396201
2025-08-14 20:00:00 [INFO] Looking for type1 buy setups on 15 minute
2025-08-14 20:00:01 [INFO] Present pattern on Volatility 90 (1s) Index: (15997.799, 16236.524, 15965.757, 16406.929, 16011.946, 17033.255)
2025-08-14 20:00:01 [INFO] Present pattern on Volatility 75 (1s) Index: (3086.2, 3132.09, 3075.72, 3151.76, 3092.01, 3177.21)
2025-08-14 20:00:01 [INFO] Present pattern on Volatility 150 (1s) Index: (64.82, 66.69, 63.99, 67.64, 64.63, 68.69)
2025-08-14 20:00:01 [INFO] Risk too high for this trade: 51.9
2025-08-14 20:00:58 [INFO] Order placed successfully on Volatility 150 (1s) Index $$$$$$$$$$$$$$
2025-08-14 20:00:59 [INFO] Order placed successfully on Volatility 75 (1s) Index $$$$$$$$$$$$$$
2025-08-14 20:00:59 [INFO] Looking for type1 sell setups on 15 minute
2025-08-14 20:00:59 [INFO] Present pattern on Volatility 25 Index: (2748.399, 2736.43, 2748.547, 2731.958, 2743.369, 2730.472)
2025-08-14 20:00:59 [INFO] Present pattern on Volatility 10 Index: (6170.544, 6164.183, 6173.958, 6162.749, 6173.125, 6111.974)
2025-08-14 20:00:59 [INFO] Risk too high for this trade: 6.7
2025-08-14 20:00:59 [INFO] Risk too high for this trade: 4.3
2025-08-14 20:00:59 [INFO] Present pattern on Volatility 15 (1s) Index: (14034.746, 13994.138, 14104.88, 13971.22, 14059.307, 13903.725)
2025-08-14 20:00:59 [INFO] Risk too high for this trade: 14.2
2025-08-14 20:00:59 [INFO] Present pattern on Volatility 15 (1s) Index: (13914.723, 13888.683, 13918.716, 13859.527, 13902.867, 13847.301)
2025-08-14 20:00:59 [INFO] Risk too high for this trade: 8.2
2025-08-14 20:00:59 [INFO] Present pattern on Volatility 75 (1s) Index: (3625.52, 3597.69, 3644.12, 3580.69, 3627.22, 3512.24)
2025-08-14 20:00:59 [INFO] Present pattern on Volatility 250 (1s) Index: (12.32, 11.73, 12.36, 11.57, 12.06, 11.35)
2025-08-14 20:01:01 [INFO] Order placed successfully on Volatility 75 (1s) Index $$$$$$$$$$$$$$
2025-08-14 20:01:01 [ERROR] Order failed for Volatility 250 (1s) Index, retcode=10015
2025-08-14 20:01:01 [INFO] Looking for type1 buy setups on 5 minute
2025-08-14 20:01:02 [INFO] Present pattern on Volatility 10 Index: (6079.247, 6084.725, 6078.371, 6092.167, 6084.236, 6095.093)
2025-08-14 20:01:02 [INFO] Present pattern on Volatility 25 Index: (2686.671, 2693.586, 2683.504, 2693.624, 2684.089, 2733.762)
2025-08-14 20:01:03 [INFO] Present pattern on Volatility 50 Index: (140.0557, 140.6906, 139.9824, 140.8766, 140.1135, 142.5243)
2025-08-14 20:01:03 [INFO] Risk too high for this trade: 3.5
2025-08-14 20:01:03 [INFO] Present pattern on Volatility 25 (1s) Index: (642707.64, 645059.78, 641753.3, 645650.56, 642567.07, 647153.54)
2025-08-14 20:01:03 [INFO] Present pattern on Volatility 100 (1s) Index: (476.94, 480.52, 476.64, 481.48, 478.69, 484.86)
2025-08-14 20:01:03 [INFO] Present pattern on Volatility 30 (1s) Index: (6495.885, 6508.255, 6489.089, 6516.293, 6492.197, 6545.483)
2025-08-14 20:01:03 [INFO] Risk too high for this trade: 3.1
2025-08-14 20:01:03 [INFO] Risk too high for this trade: 9.3
2025-08-14 20:01:06 [INFO] Order placed successfully on Volatility 25 Index $$$$$$$$$$$$$$
2025-08-14 20:01:07 [INFO] Order placed successfully on Volatility 50 Index $$$$$$$$$$$$$$
2025-08-14 20:01:08 [INFO] Order placed successfully on Volatility 100 (1s) Index $$$$$$$$$$$$$$
2025-08-14 20:01:08 [INFO] Present pattern on Volatility 100 (1s) Index: (487.24, 493.98, 485.3, 494.58, 485.87, 504.59)
2025-08-14 20:01:10 [INFO] Order placed successfully on Volatility 100 (1s) Index $$$$$$$$$$$$$$
2025-08-14 20:01:10 [INFO] Looking for type1 sell setups on 5 minute
2025-08-14 20:01:10 [INFO] Present pattern on Volatility 10 Index: (6170.544, 6164.183, 6173.958, 6162.749, 6173.125, 6148.138)
2025-08-14 20:01:10 [INFO] Present pattern on Volatility 75 Index: (93839.61, 93198.85, 93986.45, 92906.63, 93589.31, 92757.46)
2025-08-14 20:01:10 [INFO] Present pattern on Volatility 25 Index: (2756.856, 2749.681, 2757.472, 2741.472, 2750.449, 2733.542)
2025-08-14 20:01:10 [INFO] Risk too high for this trade: 4.0
2025-08-14 20:01:11 [INFO] Present pattern on Volatility 25 Index: (2746.583, 2736.43, 2748.547, 2731.958, 2743.369, 2730.472)
2025-08-14 20:01:11 [INFO] Risk too high for this trade: 4.6
2025-08-14 20:01:11 [INFO] Present pattern on Volatility 25 (1s) Index: (668220.8, 666716.66, 669001.65, 665623.52, 667601.59, 661556.26)
2025-08-14 20:01:11 [INFO] Present pattern on Volatility 50 (1s) Index: (218709.01, 217488.31, 219132.59, 216490.9, 218592.09, 214547.34)
2025-08-14 20:01:11 [INFO] Present pattern on Volatility 15 (1s) Index: (13996.338, 13975.647, 14003.085, 13972.685, 13989.371, 13930.543)
2025-08-14 20:01:11 [INFO] Risk too high for this trade: 12.2
2025-08-14 20:01:11 [INFO] Present pattern on Volatility 75 (1s) Index: (3190.55, 3174.17, 3202.02, 3154.5, 3184.21, 3111.71)
2025-08-14 20:01:11 [INFO] Present pattern on Volatility 250 (1s) Index: (12.26, 12.05, 12.36, 11.76, 12.16, 11.61)
2025-08-14 20:01:11 [INFO] Risk too high for this trade: 5.6
2025-08-14 20:01:11 [INFO] Risk too high for this trade: 5.7
2025-08-14 20:01:13 [INFO] Order placed successfully on Volatility 10 Index $$$$$$$$$$$$$$
2025-08-14 20:01:15 [INFO] Order placed successfully on Volatility 75 Index $$$$$$$$$$$$$$
2025-08-14 20:01:17 [INFO] Order placed successfully on Volatility 75 (1s) Index $$$$$$$$$$$$$$
2025-08-14 20:01:17 [INFO] Max number of orders placed
2025-08-14 20:01:17 [INFO] Present pattern on Volatility 250 (1s) Index: (11.78, 11.35, 11.97, 11.3, 11.69, 11.15)
2025-08-14 20:01:18 [INFO] Max number of orders placed
2025-08-14 20:01:18 [INFO] MT5 connection closed
2025-08-14 20:01:18 [INFO] Trading bot stopped
2025-08-14 20:01:18 [INFO] Job "trading_job (trigger: cron[day_of_week='mon-sun', hour='*', minute='15,30,45,0'], next run at: 2025-08-14 20:15:00 WAT)" executed successfully
2025-08-14 20:15:00 [INFO] Running job "trading_job (trigger: cron[day_of_week='mon-sun', hour='*', minute='15,30,45,0'], next run at: 2025-08-14 20:30:00 WAT)" (scheduled at 2025-08-14 20:15:00+01:00)
2025-08-14 20:15:00 [INFO] MT5 initialized successfully
2025-08-14 20:15:00 [INFO] Successfully logged into 40396201
2025-08-14 20:15:00 [INFO] Looking for type1 buy setups on 15 minute
2025-08-14 20:15:00 [INFO] Present pattern on Volatility 25 (1s) Index: (642440.11, 645059.78, 641753.3, 645650.56, 642567.07, 647153.54)
2025-08-14 20:15:00 [INFO] Risk too high for this trade: 12.9
2025-08-14 20:15:00 [INFO] Looking for type1 sell setups on 15 minute
2025-08-14 20:15:00 [INFO] Looking for type1 buy setups on 5 minute
2025-08-14 20:15:01 [INFO] Looking for type1 sell setups on 5 minute
2025-08-14 20:15:02 [INFO] MT5 connection closed
2025-08-14 20:15:02 [INFO] Trading bot stopped
2025-08-14 20:15:02 [INFO] Job "trading_job (trigger: cron[day_of_week='mon-sun', hour='*', minute='15,30,45,0'], next run at: 2025-08-14 20:30:00 WAT)" executed successfully
2025-08-14 20:30:00 [INFO] Running job "trading_job (trigger: cron[day_of_week='mon-sun', hour='*', minute='15,30,45,0'], next run at: 2025-08-14 20:45:00 WAT)" (scheduled at 2025-08-14 20:30:00+01:00)
2025-08-14 20:30:00 [INFO] MT5 initialized successfully
2025-08-14 20:30:00 [INFO] Successfully logged into 40396201
2025-08-14 20:30:00 [INFO] Looking for type1 buy setups on 15 minute
2025-08-14 20:30:00 [INFO] Looking for type1 sell setups on 15 minute
2025-08-14 20:30:00 [INFO] Looking for type1 buy setups on 5 minute
2025-08-14 20:30:01 [INFO] Looking for type1 sell setups on 5 minute
2025-08-14 20:30:02 [INFO] MT5 connection closed
2025-08-14 20:30:02 [INFO] Trading bot stopped
2025-08-14 20:30:02 [INFO] Job "trading_job (trigger: cron[day_of_week='mon-sun', hour='*', minute='15,30,45,0'], next run at: 2025-08-14 20:45:00 WAT)" executed successfully
2025-08-14 20:45:00 [INFO] Running job "trading_job (trigger: cron[day_of_week='mon-sun', hour='*', minute='15,30,45,0'], next run at: 2025-08-14 21:00:00 WAT)" (scheduled at 2025-08-14 20:45:00+01:00)
2025-08-14 20:45:00 [INFO] MT5 initialized successfully
2025-08-14 20:45:00 [INFO] Successfully logged into 40396201
2025-08-14 20:45:00 [INFO] Looking for type1 buy setups on 15 minute
2025-08-14 20:45:01 [INFO] Looking for type1 sell setups on 15 minute
2025-08-14 20:45:02 [INFO] Looking for type1 buy setups on 5 minute
2025-08-14 20:45:06 [INFO] Looking for type1 sell setups on 5 minute
2025-08-14 20:45:07 [INFO] Present pattern on Volatility 75 Index: (90216.96, 89596.1, 90597.53, 89551.92, 90222.21, 89405.54)
2025-08-14 20:45:13 [INFO] Order placed successfully on Volatility 75 Index $$$$$$$$$$$$$$
2025-08-14 20:45:13 [INFO] MT5 connection closed
2025-08-14 20:45:13 [INFO] Trading bot stopped
2025-08-14 20:45:13 [INFO] Job "trading_job (trigger: cron[day_of_week='mon-sun', hour='*', minute='15,30,45,0'], next run at: 2025-08-14 21:00:00 WAT)" executed successfully
2025-08-14 21:00:00 [INFO] Running job "trading_job (trigger: cron[day_of_week='mon-sun', hour='*', minute='15,30,45,0'], next run at: 2025-08-14 21:15:00 WAT)" (scheduled at 2025-08-14 21:00:00+01:00)
2025-08-14 21:00:00 [INFO] MT5 initialized successfully
2025-08-14 21:00:00 [INFO] Successfully logged into 40396201
2025-08-14 21:00:00 [INFO] Looking for type1 buy setups on 15 minute
2025-08-14 21:00:00 [INFO] Looking for type1 sell setups on 15 minute
2025-08-14 21:00:01 [INFO] Looking for type1 buy setups on 5 minute
2025-08-14 21:00:02 [INFO] Looking for type1 sell setups on 5 minute
2025-08-14 21:00:02 [INFO] Present pattern on Volatility 75 Index: (90216.96, 89596.1, 90597.53, 89551.92, 90222.21, 89196.17)
2025-08-14 21:00:04 [INFO] Max number of orders placed
2025-08-14 21:00:04 [INFO] MT5 connection closed
2025-08-14 21:00:04 [INFO] Trading bot stopped
2025-08-14 21:00:04 [INFO] Job "trading_job (trigger: cron[day_of_week='mon-sun', hour='*', minute='15,30,45,0'], next run at: 2025-08-14 21:15:00 WAT)" executed successfully
2025-08-14 21:15:00 [INFO] Running job "trading_job (trigger: cron[day_of_week='mon-sun', hour='*', minute='15,30,45,0'], next run at: 2025-08-14 21:30:00 WAT)" (scheduled at 2025-08-14 21:15:00+01:00)
2025-08-14 21:15:00 [INFO] MT5 initialized successfully
2025-08-14 21:15:00 [INFO] Successfully logged into 40396201
2025-08-14 21:15:00 [INFO] Looking for type1 buy setups on 15 minute
2025-08-14 21:15:01 [INFO] Looking for type1 sell setups on 15 minute
2025-08-14 21:15:01 [INFO] Looking for type1 buy setups on 5 minute
2025-08-14 21:15:03 [INFO] Looking for type1 sell setups on 5 minute
2025-08-14 21:15:05 [INFO] Present pattern on Volatility 150 (1s) Index: (68.82, 67.94, 69.34, 66.45, 68.62, 66.02)
2025-08-14 21:15:07 [INFO] Max number of orders placed
2025-08-14 21:15:07 [INFO] MT5 connection closed
2025-08-14 21:15:07 [INFO] Trading bot stopped
2025-08-14 21:15:07 [INFO] Job "trading_job (trigger: cron[day_of_week='mon-sun', hour='*', minute='15,30,45,0'], next run at: 2025-08-14 21:30:00 WAT)" executed successfully
2025-08-14 21:30:00 [INFO] Running job "trading_job (trigger: cron[day_of_week='mon-sun', hour='*', minute='15,30,45,0'], next run at: 2025-08-14 21:45:00 WAT)" (scheduled at 2025-08-14 21:30:00+01:00)
2025-08-14 21:31:00 [WARNING] initialize_mt5 returned None (attempt: 1). 
 Trying again in 2 seconds
2025-08-14 21:32:03 [WARNING] initialize_mt5 returned None (attempt: 2). 
 Trying again in 2 seconds
2025-08-14 21:33:05 [WARNING] initialize_mt5 returned None (attempt: 3). 
 Trying again in 2 seconds
2025-08-14 21:33:08 [ERROR] initialize_mt5 failed after 3 attempts
2025-08-14 21:33:08 [INFO] Job "trading_job (trigger: cron[day_of_week='mon-sun', hour='*', minute='15,30,45,0'], next run at: 2025-08-14 21:45:00 WAT)" executed successfully
2025-08-14 21:45:00 [INFO] Running job "trading_job (trigger: cron[day_of_week='mon-sun', hour='*', minute='15,30,45,0'], next run at: 2025-08-14 22:00:00 WAT)" (scheduled at 2025-08-14 21:45:00+01:00)
2025-08-14 21:46:00 [WARNING] initialize_mt5 returned None (attempt: 1). 
 Trying again in 2 seconds
2025-08-14 21:47:03 [WARNING] initialize_mt5 returned None (attempt: 2). 
 Trying again in 2 seconds
2025-08-14 21:48:05 [WARNING] initialize_mt5 returned None (attempt: 3). 
 Trying again in 2 seconds
2025-08-14 21:48:07 [ERROR] initialize_mt5 failed after 3 attempts
2025-08-14 21:48:07 [INFO] Job "trading_job (trigger: cron[day_of_week='mon-sun', hour='*', minute='15,30,45,0'], next run at: 2025-08-14 22:00:00 WAT)" executed successfully
2025-08-14 22:00:00 [INFO] Running job "trading_job (trigger: cron[day_of_week='mon-sun', hour='*', minute='15,30,45,0'], next run at: 2025-08-14 22:15:00 WAT)" (scheduled at 2025-08-14 22:00:00+01:00)
2025-08-14 22:00:00 [INFO] MT5 initialized successfully
2025-08-14 22:00:00 [INFO] Successfully logged into 40396201
2025-08-14 22:00:00 [INFO] Looking for type1 buy setups on 15 minute
2025-08-14 22:00:00 [INFO] Looking for type1 sell setups on 15 minute
2025-08-14 22:00:01 [INFO] Looking for type1 buy setups on 5 minute
2025-08-14 22:00:03 [INFO] Present pattern on Volatility 50 (1s) Index: (194425.07, 195383.49, 194411.51, 195455.38, 194458.57, 197510.99)
2025-08-14 22:00:03 [INFO] Risk too high for this trade: 3.4
2025-08-14 22:00:03 [INFO] Looking for type1 sell setups on 5 minute
2025-08-14 22:00:08 [INFO] MT5 connection closed
2025-08-14 22:00:08 [INFO] Trading bot stopped
2025-08-14 22:00:08 [INFO] Job "trading_job (trigger: cron[day_of_week='mon-sun', hour='*', minute='15,30,45,0'], next run at: 2025-08-14 22:15:00 WAT)" executed successfully
2025-08-14 22:15:00 [INFO] Running job "trading_job (trigger: cron[day_of_week='mon-sun', hour='*', minute='15,30,45,0'], next run at: 2025-08-14 22:30:00 WAT)" (scheduled at 2025-08-14 22:15:00+01:00)
2025-08-14 22:15:00 [INFO] MT5 initialized successfully
2025-08-14 22:15:00 [INFO] Successfully logged into 40396201
2025-08-14 22:15:00 [INFO] Looking for type1 buy setups on 15 minute
2025-08-14 22:15:00 [INFO] Looking for type1 sell setups on 15 minute
2025-08-14 22:15:01 [INFO] Looking for type1 buy setups on 5 minute
2025-08-14 22:15:02 [INFO] Present pattern on Volatility 50 (1s) Index: (194425.07, 195383.49, 194411.51, 195455.38, 194458.57, 197788.8)
2025-08-14 22:15:02 [INFO] Risk too high for this trade: 3.4
2025-08-14 22:15:02 [INFO] Looking for type1 sell setups on 5 minute
2025-08-14 22:15:04 [INFO] MT5 connection closed
2025-08-14 22:15:04 [INFO] Trading bot stopped
2025-08-14 22:15:04 [INFO] Job "trading_job (trigger: cron[day_of_week='mon-sun', hour='*', minute='15,30,45,0'], next run at: 2025-08-14 22:30:00 WAT)" executed successfully
2025-08-14 22:30:00 [INFO] Running job "trading_job (trigger: cron[day_of_week='mon-sun', hour='*', minute='15,30,45,0'], next run at: 2025-08-14 22:45:00 WAT)" (scheduled at 2025-08-14 22:30:00+01:00)
2025-08-14 22:30:00 [INFO] MT5 initialized successfully
2025-08-14 22:30:00 [INFO] Successfully logged into 40396201
2025-08-14 22:30:00 [INFO] Looking for type1 buy setups on 15 minute
2025-08-14 22:30:00 [INFO] Looking for type1 sell setups on 15 minute
2025-08-14 22:30:01 [INFO] Looking for type1 buy setups on 5 minute
2025-08-14 22:30:02 [INFO] Looking for type1 sell setups on 5 minute
2025-08-14 22:30:04 [INFO] MT5 connection closed
2025-08-14 22:30:04 [INFO] Trading bot stopped
2025-08-14 22:30:04 [INFO] Job "trading_job (trigger: cron[day_of_week='mon-sun', hour='*', minute='15,30,45,0'], next run at: 2025-08-14 22:45:00 WAT)" executed successfully
2025-08-14 22:45:00 [INFO] Running job "trading_job (trigger: cron[day_of_week='mon-sun', hour='*', minute='15,30,45,0'], next run at: 2025-08-14 23:00:00 WAT)" (scheduled at 2025-08-14 22:45:00+01:00)
2025-08-14 22:45:00 [INFO] MT5 initialized successfully
2025-08-14 22:45:00 [INFO] Successfully logged into 40396201
2025-08-14 22:45:00 [INFO] Looking for type1 buy setups on 15 minute
2025-08-14 22:45:00 [INFO] Looking for type1 sell setups on 15 minute
2025-08-14 22:45:01 [INFO] Looking for type1 buy setups on 5 minute
2025-08-14 22:45:03 [INFO] Looking for type1 sell setups on 5 minute
2025-08-14 22:45:04 [INFO] MT5 connection closed
2025-08-14 22:45:04 [INFO] Trading bot stopped
2025-08-14 22:45:04 [INFO] Job "trading_job (trigger: cron[day_of_week='mon-sun', hour='*', minute='15,30,45,0'], next run at: 2025-08-14 23:00:00 WAT)" executed successfully
2025-08-14 23:00:00 [INFO] Running job "trading_job (trigger: cron[day_of_week='mon-sun', hour='*', minute='15,30,45,0'], next run at: 2025-08-14 23:15:00 WAT)" (scheduled at 2025-08-14 23:00:00+01:00)
2025-08-14 23:00:00 [INFO] MT5 initialized successfully
2025-08-14 23:00:00 [INFO] Successfully logged into 40396201
2025-08-14 23:00:00 [INFO] Looking for type1 buy setups on 15 minute
2025-08-14 23:00:00 [INFO] Present pattern on Volatility 25 (1s) Index: (642440.11, 645059.78, 641753.3, 645650.56, 642567.07, 651191.79)
2025-08-14 23:00:00 [INFO] Risk too high for this trade: 13.2
2025-08-14 23:00:00 [INFO] Looking for type1 sell setups on 15 minute
2025-08-14 23:00:00 [INFO] Looking for type1 buy setups on 5 minute
2025-08-14 23:00:01 [INFO] Looking for type1 sell setups on 5 minute
2025-08-14 23:00:02 [INFO] MT5 connection closed
2025-08-14 23:00:02 [INFO] Trading bot stopped
2025-08-14 23:00:02 [INFO] Job "trading_job (trigger: cron[day_of_week='mon-sun', hour='*', minute='15,30,45,0'], next run at: 2025-08-14 23:15:00 WAT)" executed successfully
2025-08-14 23:15:00 [INFO] Running job "trading_job (trigger: cron[day_of_week='mon-sun', hour='*', minute='15,30,45,0'], next run at: 2025-08-14 23:30:00 WAT)" (scheduled at 2025-08-14 23:15:00+01:00)
2025-08-14 23:15:00 [INFO] MT5 initialized successfully
2025-08-14 23:15:00 [INFO] Successfully logged into 40396201
2025-08-14 23:15:00 [INFO] Looking for type1 buy setups on 15 minute
2025-08-14 23:15:00 [INFO] Looking for type1 sell setups on 15 minute
2025-08-14 23:15:00 [INFO] Looking for type1 buy setups on 5 minute
2025-08-14 23:15:01 [INFO] Looking for type1 sell setups on 5 minute
2025-08-14 23:15:01 [INFO] MT5 connection closed
2025-08-14 23:15:01 [INFO] Trading bot stopped
2025-08-14 23:15:01 [INFO] Job "trading_job (trigger: cron[day_of_week='mon-sun', hour='*', minute='15,30,45,0'], next run at: 2025-08-14 23:30:00 WAT)" executed successfully
2025-08-14 23:30:00 [INFO] Running job "trading_job (trigger: cron[day_of_week='mon-sun', hour='*', minute='15,30,45,0'], next run at: 2025-08-14 23:45:00 WAT)" (scheduled at 2025-08-14 23:30:00+01:00)
2025-08-14 23:30:00 [INFO] MT5 initialized successfully
2025-08-14 23:30:00 [INFO] Successfully logged into 40396201
2025-08-14 23:30:00 [INFO] Looking for type1 buy setups on 15 minute
2025-08-14 23:30:00 [INFO] Looking for type1 sell setups on 15 minute
2025-08-14 23:30:00 [INFO] Present pattern on Volatility 150 (1s) Index: (67.95, 66.66, 69.34, 66.36, 68.62, 64.84)
2025-08-14 23:30:01 [INFO] Max number of orders placed
2025-08-14 23:30:01 [INFO] Looking for type1 buy setups on 5 minute
2025-08-14 23:30:02 [INFO] Looking for type1 sell setups on 5 minute
2025-08-14 23:30:03 [INFO] MT5 connection closed
2025-08-14 23:30:03 [INFO] Trading bot stopped
2025-08-14 23:30:03 [INFO] Job "trading_job (trigger: cron[day_of_week='mon-sun', hour='*', minute='15,30,45,0'], next run at: 2025-08-14 23:45:00 WAT)" executed successfully
2025-08-14 23:45:00 [INFO] Running job "trading_job (trigger: cron[day_of_week='mon-sun', hour='*', minute='15,30,45,0'], next run at: 2025-08-15 00:00:00 WAT)" (scheduled at 2025-08-14 23:45:00+01:00)
2025-08-14 23:45:00 [INFO] MT5 initialized successfully
2025-08-14 23:45:00 [INFO] Successfully logged into 40396201
2025-08-14 23:45:00 [INFO] Looking for type1 buy setups on 15 minute
2025-08-14 23:45:00 [INFO] Looking for type1 sell setups on 15 minute
2025-08-14 23:45:00 [INFO] Looking for type1 buy setups on 5 minute
2025-08-14 23:45:01 [INFO] Looking for type1 sell setups on 5 minute
2025-08-14 23:45:01 [INFO] MT5 connection closed
2025-08-14 23:45:01 [INFO] Trading bot stopped
2025-08-14 23:45:01 [INFO] Job "trading_job (trigger: cron[day_of_week='mon-sun', hour='*', minute='15,30,45,0'], next run at: 2025-08-15 00:00:00 WAT)" executed successfully
2025-08-15 00:00:00 [INFO] Running job "trading_job (trigger: cron[day_of_week='mon-sun', hour='*', minute='15,30,45,0'], next run at: 2025-08-15 00:15:00 WAT)" (scheduled at 2025-08-15 00:00:00+01:00)
2025-08-15 00:00:00 [INFO] MT5 initialized successfully
2025-08-15 00:00:00 [INFO] Successfully logged into 40396201
2025-08-15 00:00:00 [INFO] Looking for type1 buy setups on 15 minute
2025-08-15 00:00:00 [INFO] Looking for type1 sell setups on 15 minute
2025-08-15 00:00:00 [INFO] Looking for type1 buy setups on 5 minute
2025-08-15 00:00:01 [INFO] Looking for type1 sell setups on 5 minute
2025-08-15 00:00:02 [INFO] MT5 connection closed
2025-08-15 00:00:02 [INFO] Trading bot stopped
2025-08-15 00:00:02 [INFO] Job "trading_job (trigger: cron[day_of_week='mon-sun', hour='*', minute='15,30,45,0'], next run at: 2025-08-15 00:15:00 WAT)" executed successfully
2025-08-15 00:15:00 [INFO] Running job "trading_job (trigger: cron[day_of_week='mon-sun', hour='*', minute='15,30,45,0'], next run at: 2025-08-15 00:30:00 WAT)" (scheduled at 2025-08-15 00:15:00+01:00)
2025-08-15 00:15:00 [INFO] MT5 initialized successfully
2025-08-15 00:15:00 [INFO] Successfully logged into 40396201
2025-08-15 00:15:00 [INFO] Looking for type1 buy setups on 15 minute
2025-08-15 00:15:00 [INFO] Looking for type1 sell setups on 15 minute
2025-08-15 00:15:00 [INFO] Looking for type1 buy setups on 5 minute
2025-08-15 00:15:01 [INFO] Looking for type1 sell setups on 5 minute
2025-08-15 00:15:02 [INFO] MT5 connection closed
2025-08-15 00:15:02 [INFO] Trading bot stopped
2025-08-15 00:15:02 [INFO] Job "trading_job (trigger: cron[day_of_week='mon-sun', hour='*', minute='15,30,45,0'], next run at: 2025-08-15 00:30:00 WAT)" executed successfully
2025-08-15 00:30:00 [INFO] Running job "trading_job (trigger: cron[day_of_week='mon-sun', hour='*', minute='15,30,45,0'], next run at: 2025-08-15 00:45:00 WAT)" (scheduled at 2025-08-15 00:30:00+01:00)
2025-08-15 00:30:00 [INFO] MT5 initialized successfully
2025-08-15 00:30:00 [INFO] Successfully logged into 40396201
2025-08-15 00:30:00 [INFO] Looking for type1 buy setups on 15 minute
2025-08-15 00:30:00 [INFO] Looking for type1 sell setups on 15 minute
2025-08-15 00:30:00 [INFO] Looking for type1 buy setups on 5 minute
2025-08-15 00:30:01 [INFO] Looking for type1 sell setups on 5 minute
2025-08-15 00:30:02 [INFO] MT5 connection closed
2025-08-15 00:30:02 [INFO] Trading bot stopped
2025-08-15 00:30:02 [INFO] Job "trading_job (trigger: cron[day_of_week='mon-sun', hour='*', minute='15,30,45,0'], next run at: 2025-08-15 00:45:00 WAT)" executed successfully
2025-08-15 00:45:00 [INFO] Running job "trading_job (trigger: cron[day_of_week='mon-sun', hour='*', minute='15,30,45,0'], next run at: 2025-08-15 01:00:00 WAT)" (scheduled at 2025-08-15 00:45:00+01:00)
2025-08-15 00:45:00 [INFO] MT5 initialized successfully
2025-08-15 00:45:00 [INFO] Successfully logged into 40396201
2025-08-15 00:45:00 [INFO] Looking for type1 buy setups on 15 minute
2025-08-15 00:45:00 [INFO] Looking for type1 sell setups on 15 minute
2025-08-15 00:45:00 [INFO] Looking for type1 buy setups on 5 minute
2025-08-15 00:45:01 [INFO] Looking for type1 sell setups on 5 minute
2025-08-15 00:45:01 [INFO] MT5 connection closed
2025-08-15 00:45:01 [INFO] Trading bot stopped
2025-08-15 00:45:01 [INFO] Job "trading_job (trigger: cron[day_of_week='mon-sun', hour='*', minute='15,30,45,0'], next run at: 2025-08-15 01:00:00 WAT)" executed successfully
2025-08-15 01:00:00 [INFO] Running job "trading_job (trigger: cron[day_of_week='mon-sun', hour='*', minute='15,30,45,0'], next run at: 2025-08-15 01:15:00 WAT)" (scheduled at 2025-08-15 01:00:00+01:00)
2025-08-15 01:00:00 [INFO] MT5 initialized successfully
2025-08-15 01:00:00 [INFO] Successfully logged into 40396201
2025-08-15 01:00:00 [INFO] Looking for type1 buy setups on 15 minute
2025-08-15 01:00:00 [INFO] Looking for type1 sell setups on 15 minute
2025-08-15 01:00:00 [INFO] Looking for type1 buy setups on 5 minute
2025-08-15 01:00:01 [INFO] Looking for type1 sell setups on 5 minute
2025-08-15 01:00:02 [INFO] MT5 connection closed
2025-08-15 01:00:02 [INFO] Trading bot stopped
2025-08-15 01:00:02 [INFO] Job "trading_job (trigger: cron[day_of_week='mon-sun', hour='*', minute='15,30,45,0'], next run at: 2025-08-15 01:15:00 WAT)" executed successfully
2025-08-15 01:15:01 [WARNING] Run time of job "trading_job (trigger: cron[day_of_week='mon-sun', hour='*', minute='15,30,45,0'], next run at: 2025-08-15 01:30:00 WAT)" was missed by 0:00:01.754823
2025-08-15 01:30:00 [INFO] Running job "trading_job (trigger: cron[day_of_week='mon-sun', hour='*', minute='15,30,45,0'], next run at: 2025-08-15 01:45:00 WAT)" (scheduled at 2025-08-15 01:30:00+01:00)
2025-08-15 01:30:00 [INFO] MT5 initialized successfully
2025-08-15 01:30:00 [INFO] Successfully logged into 40396201
2025-08-15 01:30:00 [INFO] Looking for type1 buy setups on 15 minute
2025-08-15 01:30:00 [INFO] Looking for type1 sell setups on 15 minute
2025-08-15 01:30:01 [INFO] Looking for type1 buy setups on 5 minute
2025-08-15 01:30:02 [INFO] Looking for type1 sell setups on 5 minute
2025-08-15 01:30:02 [INFO] Present pattern on Volatility 75 Index: (92379.76, 93198.85, 93986.45, 92906.63, 93589.31, 92757.46)
2025-08-15 01:30:05 [INFO] Order placed successfully on Volatility 75 Index $$$$$$$$$$$$$$
2025-08-15 01:30:05 [INFO] MT5 connection closed
2025-08-15 01:30:05 [INFO] Trading bot stopped
2025-08-15 01:30:05 [INFO] Job "trading_job (trigger: cron[day_of_week='mon-sun', hour='*', minute='15,30,45,0'], next run at: 2025-08-15 01:45:00 WAT)" executed successfully
2025-08-15 01:45:00 [INFO] Running job "trading_job (trigger: cron[day_of_week='mon-sun', hour='*', minute='15,30,45,0'], next run at: 2025-08-15 02:00:00 WAT)" (scheduled at 2025-08-15 01:45:00+01:00)
2025-08-15 01:45:00 [INFO] MT5 initialized successfully
2025-08-15 01:45:00 [INFO] Successfully logged into 40396201
2025-08-15 01:45:00 [INFO] Looking for type1 buy setups on 15 minute
2025-08-15 01:45:01 [INFO] Looking for type1 sell setups on 15 minute
2025-08-15 01:45:01 [INFO] Looking for type1 buy setups on 5 minute
2025-08-15 01:45:02 [INFO] Looking for type1 sell setups on 5 minute
2025-08-15 01:45:03 [INFO] MT5 connection closed
2025-08-15 01:45:04 [INFO] Trading bot stopped
2025-08-15 01:45:04 [INFO] Job "trading_job (trigger: cron[day_of_week='mon-sun', hour='*', minute='15,30,45,0'], next run at: 2025-08-15 02:00:00 WAT)" executed successfully
2025-08-15 02:00:00 [INFO] Running job "trading_job (trigger: cron[day_of_week='mon-sun', hour='*', minute='15,30,45,0'], next run at: 2025-08-15 02:15:00 WAT)" (scheduled at 2025-08-15 02:00:00+01:00)
2025-08-15 02:00:00 [INFO] MT5 initialized successfully
2025-08-15 02:00:00 [INFO] Successfully logged into 40396201
2025-08-15 02:00:00 [INFO] Looking for type1 buy setups on 15 minute
2025-08-15 02:00:00 [INFO] Looking for type1 sell setups on 15 minute
2025-08-15 02:00:01 [INFO] Present pattern on Volatility 150 (1s) Index: (67.95, 66.66, 69.34, 66.36, 68.62, 64.5)
2025-08-15 02:00:02 [INFO] Max number of orders placed
2025-08-15 02:00:02 [INFO] Looking for type1 buy setups on 5 minute
2025-08-15 02:00:02 [INFO] Looking for type1 sell setups on 5 minute
2025-08-15 02:00:02 [INFO] Present pattern on Volatility 75 Index: (92753.34, 93198.85, 93986.45, 92906.63, 93589.31, 92757.46)
2025-08-15 02:00:04 [INFO] Max number of orders placed
2025-08-15 02:00:04 [INFO] MT5 connection closed
2025-08-15 02:00:04 [INFO] Trading bot stopped
2025-08-15 02:00:04 [INFO] Job "trading_job (trigger: cron[day_of_week='mon-sun', hour='*', minute='15,30,45,0'], next run at: 2025-08-15 02:15:00 WAT)" executed successfully
2025-08-15 02:15:00 [INFO] Running job "trading_job (trigger: cron[day_of_week='mon-sun', hour='*', minute='15,30,45,0'], next run at: 2025-08-15 02:30:00 WAT)" (scheduled at 2025-08-15 02:15:00+01:00)
2025-08-15 02:15:00 [INFO] MT5 initialized successfully
2025-08-15 02:15:00 [INFO] Successfully logged into 40396201
2025-08-15 02:15:00 [INFO] Looking for type1 buy setups on 15 minute
2025-08-15 02:15:00 [INFO] Looking for type1 sell setups on 15 minute
2025-08-15 02:15:00 [INFO] Looking for type1 buy setups on 5 minute
2025-08-15 02:15:01 [INFO] Looking for type1 sell setups on 5 minute
2025-08-15 02:15:01 [INFO] MT5 connection closed
2025-08-15 02:15:01 [INFO] Trading bot stopped
2025-08-15 02:15:01 [INFO] Job "trading_job (trigger: cron[day_of_week='mon-sun', hour='*', minute='15,30,45,0'], next run at: 2025-08-15 02:30:00 WAT)" executed successfully
2025-08-15 02:30:00 [INFO] Running job "trading_job (trigger: cron[day_of_week='mon-sun', hour='*', minute='15,30,45,0'], next run at: 2025-08-15 02:45:00 WAT)" (scheduled at 2025-08-15 02:30:00+01:00)
2025-08-15 02:30:00 [INFO] MT5 initialized successfully
2025-08-15 02:30:00 [INFO] Successfully logged into 40396201
2025-08-15 02:30:00 [INFO] Looking for type1 buy setups on 15 minute
2025-08-15 02:30:00 [INFO] Looking for type1 sell setups on 15 minute
2025-08-15 02:30:00 [INFO] Looking for type1 buy setups on 5 minute
2025-08-15 02:30:01 [INFO] Present pattern on Volatility 50 Index: (142.4231, 143.0992, 142.3256, 143.4561, 142.8455, 143.774)
2025-08-15 02:30:01 [INFO] Risk too high for this trade: 3.7
2025-08-15 02:30:01 [INFO] Looking for type1 sell setups on 5 minute
2025-08-15 02:30:02 [INFO] MT5 connection closed
2025-08-15 02:30:02 [INFO] Trading bot stopped
2025-08-15 02:30:02 [INFO] Job "trading_job (trigger: cron[day_of_week='mon-sun', hour='*', minute='15,30,45,0'], next run at: 2025-08-15 02:45:00 WAT)" executed successfully
2025-08-15 02:45:00 [INFO] Running job "trading_job (trigger: cron[day_of_week='mon-sun', hour='*', minute='15,30,45,0'], next run at: 2025-08-15 03:00:00 WAT)" (scheduled at 2025-08-15 02:45:00+01:00)
2025-08-15 02:45:00 [INFO] MT5 initialized successfully
2025-08-15 02:45:00 [INFO] Successfully logged into 40396201
2025-08-15 02:45:00 [INFO] Looking for type1 buy setups on 15 minute
2025-08-15 02:45:00 [INFO] Looking for type1 sell setups on 15 minute
2025-08-15 02:45:00 [INFO] Looking for type1 buy setups on 5 minute
2025-08-15 02:45:01 [INFO] Looking for type1 sell setups on 5 minute
2025-08-15 02:45:02 [INFO] MT5 connection closed
2025-08-15 02:45:02 [INFO] Trading bot stopped
2025-08-15 02:45:02 [INFO] Job "trading_job (trigger: cron[day_of_week='mon-sun', hour='*', minute='15,30,45,0'], next run at: 2025-08-15 03:00:00 WAT)" executed successfully
2025-08-15 03:00:00 [INFO] Running job "trading_job (trigger: cron[day_of_week='mon-sun', hour='*', minute='15,30,45,0'], next run at: 2025-08-15 03:15:00 WAT)" (scheduled at 2025-08-15 03:00:00+01:00)
2025-08-15 03:00:00 [INFO] MT5 initialized successfully
2025-08-15 03:00:00 [INFO] Successfully logged into 40396201
2025-08-15 03:00:00 [INFO] Looking for type1 buy setups on 15 minute
2025-08-15 03:00:00 [INFO] Looking for type1 sell setups on 15 minute
2025-08-15 03:00:00 [INFO] Looking for type1 buy setups on 5 minute
2025-08-15 03:00:01 [INFO] Looking for type1 sell setups on 5 minute
2025-08-15 03:00:02 [INFO] MT5 connection closed
2025-08-15 03:00:02 [INFO] Trading bot stopped
2025-08-15 03:00:02 [INFO] Job "trading_job (trigger: cron[day_of_week='mon-sun', hour='*', minute='15,30,45,0'], next run at: 2025-08-15 03:15:00 WAT)" executed successfully
2025-08-15 03:15:00 [INFO] Running job "trading_job (trigger: cron[day_of_week='mon-sun', hour='*', minute='15,30,45,0'], next run at: 2025-08-15 03:30:00 WAT)" (scheduled at 2025-08-15 03:15:00+01:00)
2025-08-15 03:15:00 [INFO] MT5 initialized successfully
2025-08-15 03:15:00 [INFO] Successfully logged into 40396201
2025-08-15 03:15:00 [INFO] Looking for type1 buy setups on 15 minute
2025-08-15 03:15:00 [INFO] Looking for type1 sell setups on 15 minute
2025-08-15 03:15:00 [INFO] Looking for type1 buy setups on 5 minute
2025-08-15 03:15:01 [INFO] Looking for type1 sell setups on 5 minute
2025-08-15 03:15:01 [INFO] MT5 connection closed
2025-08-15 03:15:01 [INFO] Trading bot stopped
2025-08-15 03:15:01 [INFO] Job "trading_job (trigger: cron[day_of_week='mon-sun', hour='*', minute='15,30,45,0'], next run at: 2025-08-15 03:30:00 WAT)" executed successfully
2025-08-15 03:30:00 [INFO] Running job "trading_job (trigger: cron[day_of_week='mon-sun', hour='*', minute='15,30,45,0'], next run at: 2025-08-15 03:45:00 WAT)" (scheduled at 2025-08-15 03:30:00+01:00)
2025-08-15 03:30:00 [INFO] MT5 initialized successfully
2025-08-15 03:30:00 [INFO] Successfully logged into 40396201
2025-08-15 03:30:00 [INFO] Looking for type1 buy setups on 15 minute
2025-08-15 03:30:00 [INFO] Looking for type1 sell setups on 15 minute
2025-08-15 03:30:00 [INFO] Looking for type1 buy setups on 5 minute
2025-08-15 03:30:01 [INFO] Looking for type1 sell setups on 5 minute
2025-08-15 03:30:02 [INFO] MT5 connection closed
2025-08-15 03:30:02 [INFO] Trading bot stopped
2025-08-15 03:30:02 [INFO] Job "trading_job (trigger: cron[day_of_week='mon-sun', hour='*', minute='15,30,45,0'], next run at: 2025-08-15 03:45:00 WAT)" executed successfully
2025-08-15 03:45:00 [INFO] Running job "trading_job (trigger: cron[day_of_week='mon-sun', hour='*', minute='15,30,45,0'], next run at: 2025-08-15 04:00:00 WAT)" (scheduled at 2025-08-15 03:45:00+01:00)
2025-08-15 03:45:00 [INFO] MT5 initialized successfully
2025-08-15 03:45:00 [INFO] Successfully logged into 40396201
2025-08-15 03:45:00 [INFO] Looking for type1 buy setups on 15 minute
2025-08-15 03:45:00 [INFO] Looking for type1 sell setups on 15 minute
2025-08-15 03:45:00 [INFO] Looking for type1 buy setups on 5 minute
2025-08-15 03:45:01 [INFO] Looking for type1 sell setups on 5 minute
2025-08-15 03:45:01 [INFO] MT5 connection closed
2025-08-15 03:45:01 [INFO] Trading bot stopped
2025-08-15 03:45:01 [INFO] Job "trading_job (trigger: cron[day_of_week='mon-sun', hour='*', minute='15,30,45,0'], next run at: 2025-08-15 04:00:00 WAT)" executed successfully
2025-08-15 04:00:00 [INFO] Running job "trading_job (trigger: cron[day_of_week='mon-sun', hour='*', minute='15,30,45,0'], next run at: 2025-08-15 04:15:00 WAT)" (scheduled at 2025-08-15 04:00:00+01:00)
2025-08-15 04:00:00 [INFO] MT5 initialized successfully
2025-08-15 04:00:00 [INFO] Successfully logged into 40396201
2025-08-15 04:00:00 [INFO] Looking for type1 buy setups on 15 minute
2025-08-15 04:00:00 [INFO] Looking for type1 sell setups on 15 minute
2025-08-15 04:00:00 [INFO] Looking for type1 buy setups on 5 minute
2025-08-15 04:00:01 [INFO] Looking for type1 sell setups on 5 minute
2025-08-15 04:00:01 [INFO] Present pattern on Volatility 75 Index: (88679.42, 88279.96, 88978.65, 87524.23, 88688.43, 87297.77)
2025-08-15 04:00:03 [INFO] Max number of orders placed
2025-08-15 04:00:03 [INFO] MT5 connection closed
2025-08-15 04:00:03 [INFO] Trading bot stopped
2025-08-15 04:00:03 [INFO] Job "trading_job (trigger: cron[day_of_week='mon-sun', hour='*', minute='15,30,45,0'], next run at: 2025-08-15 04:15:00 WAT)" executed successfully
2025-08-15 04:15:00 [INFO] Running job "trading_job (trigger: cron[day_of_week='mon-sun', hour='*', minute='15,30,45,0'], next run at: 2025-08-15 04:30:00 WAT)" (scheduled at 2025-08-15 04:15:00+01:00)
2025-08-15 04:15:00 [INFO] MT5 initialized successfully
2025-08-15 04:15:00 [INFO] Successfully logged into 40396201
2025-08-15 04:15:00 [INFO] Looking for type1 buy setups on 15 minute
2025-08-15 04:15:00 [INFO] Present pattern on Volatility 25 (1s) Index: (642440.11, 645059.78, 641753.3, 645650.56, 642567.07, 662357.35)
2025-08-15 04:15:00 [INFO] Risk too high for this trade: 13.8
2025-08-15 04:15:00 [INFO] Looking for type1 sell setups on 15 minute
2025-08-15 04:15:00 [INFO] Looking for type1 buy setups on 5 minute
2025-08-15 04:15:01 [INFO] Looking for type1 sell setups on 5 minute
2025-08-15 04:15:01 [INFO] MT5 connection closed
2025-08-15 04:15:01 [INFO] Trading bot stopped
2025-08-15 04:15:01 [INFO] Job "trading_job (trigger: cron[day_of_week='mon-sun', hour='*', minute='15,30,45,0'], next run at: 2025-08-15 04:30:00 WAT)" executed successfully
2025-08-15 04:30:00 [INFO] Running job "trading_job (trigger: cron[day_of_week='mon-sun', hour='*', minute='15,30,45,0'], next run at: 2025-08-15 04:45:00 WAT)" (scheduled at 2025-08-15 04:30:00+01:00)
2025-08-15 04:30:00 [INFO] MT5 initialized successfully
2025-08-15 04:30:00 [INFO] Successfully logged into 40396201
2025-08-15 04:30:00 [INFO] Looking for type1 buy setups on 15 minute
2025-08-15 04:30:00 [INFO] Looking for type1 sell setups on 15 minute
2025-08-15 04:30:00 [INFO] Looking for type1 buy setups on 5 minute
2025-08-15 04:30:01 [INFO] Looking for type1 sell setups on 5 minute
2025-08-15 04:30:02 [INFO] MT5 connection closed
2025-08-15 04:30:02 [INFO] Trading bot stopped
2025-08-15 04:30:02 [INFO] Job "trading_job (trigger: cron[day_of_week='mon-sun', hour='*', minute='15,30,45,0'], next run at: 2025-08-15 04:45:00 WAT)" executed successfully
2025-08-15 04:45:00 [INFO] Running job "trading_job (trigger: cron[day_of_week='mon-sun', hour='*', minute='15,30,45,0'], next run at: 2025-08-15 05:00:00 WAT)" (scheduled at 2025-08-15 04:45:00+01:00)
2025-08-15 04:45:00 [INFO] MT5 initialized successfully
2025-08-15 04:45:00 [INFO] Successfully logged into 40396201
2025-08-15 04:45:00 [INFO] Looking for type1 buy setups on 15 minute
2025-08-15 04:45:00 [INFO] Looking for type1 sell setups on 15 minute
2025-08-15 04:45:00 [INFO] Looking for type1 buy setups on 5 minute
2025-08-15 04:45:01 [INFO] Looking for type1 sell setups on 5 minute
2025-08-15 04:45:02 [INFO] MT5 connection closed
2025-08-15 04:45:02 [INFO] Trading bot stopped
2025-08-15 04:45:02 [INFO] Job "trading_job (trigger: cron[day_of_week='mon-sun', hour='*', minute='15,30,45,0'], next run at: 2025-08-15 05:00:00 WAT)" executed successfully
2025-08-15 05:00:00 [INFO] Running job "trading_job (trigger: cron[day_of_week='mon-sun', hour='*', minute='15,30,45,0'], next run at: 2025-08-15 05:15:00 WAT)" (scheduled at 2025-08-15 05:00:00+01:00)
2025-08-15 05:00:00 [INFO] MT5 initialized successfully
2025-08-15 05:00:00 [INFO] Successfully logged into 40396201
2025-08-15 05:00:00 [INFO] Looking for type1 buy setups on 15 minute
2025-08-15 05:00:00 [INFO] Looking for type1 sell setups on 15 minute
2025-08-15 05:00:01 [INFO] Looking for type1 buy setups on 5 minute
2025-08-15 05:00:02 [INFO] Looking for type1 sell setups on 5 minute
2025-08-15 05:00:02 [INFO] Present pattern on Volatility 50 Index: (143.8978, 143.3195, 144.2541, 143.3096, 143.9369, 142.7348)
2025-08-15 05:00:02 [INFO] Risk too high for this trade: 3.3
2025-08-15 05:00:03 [INFO] MT5 connection closed
2025-08-15 05:00:03 [INFO] Trading bot stopped
2025-08-15 05:00:03 [INFO] Job "trading_job (trigger: cron[day_of_week='mon-sun', hour='*', minute='15,30,45,0'], next run at: 2025-08-15 05:15:00 WAT)" executed successfully
2025-08-15 05:15:00 [INFO] Running job "trading_job (trigger: cron[day_of_week='mon-sun', hour='*', minute='15,30,45,0'], next run at: 2025-08-15 05:30:00 WAT)" (scheduled at 2025-08-15 05:15:00+01:00)
2025-08-15 05:15:00 [INFO] MT5 initialized successfully
2025-08-15 05:15:00 [INFO] Successfully logged into 40396201
2025-08-15 05:15:00 [INFO] Looking for type1 buy setups on 15 minute
2025-08-15 05:15:00 [INFO] Present pattern on Volatility 25 (1s) Index: (642440.11, 645059.78, 641753.3, 645650.56, 642567.07, 662722.05)
2025-08-15 05:15:00 [INFO] Risk too high for this trade: 13.3
2025-08-15 05:15:00 [INFO] Looking for type1 sell setups on 15 minute
2025-08-15 05:15:01 [INFO] Looking for type1 buy setups on 5 minute
2025-08-15 05:15:02 [INFO] Present pattern on Volatility 50 (1s) Index: (197139.28, 197902.4, 196571.59, 198489.5, 197417.59, 198805.35)
2025-08-15 05:15:02 [INFO] Risk too high for this trade: 7.2
2025-08-15 05:15:02 [INFO] Looking for type1 sell setups on 5 minute
2025-08-15 05:15:03 [INFO] MT5 connection closed
2025-08-15 05:15:03 [INFO] Trading bot stopped
2025-08-15 05:15:03 [INFO] Job "trading_job (trigger: cron[day_of_week='mon-sun', hour='*', minute='15,30,45,0'], next run at: 2025-08-15 05:30:00 WAT)" executed successfully
2025-08-15 05:30:00 [INFO] Running job "trading_job (trigger: cron[day_of_week='mon-sun', hour='*', minute='15,30,45,0'], next run at: 2025-08-15 05:45:00 WAT)" (scheduled at 2025-08-15 05:30:00+01:00)
2025-08-15 05:30:00 [INFO] MT5 initialized successfully
2025-08-15 05:30:00 [INFO] Successfully logged into 40396201
2025-08-15 05:30:00 [INFO] Looking for type1 buy setups on 15 minute
2025-08-15 05:30:00 [INFO] Looking for type1 sell setups on 15 minute
2025-08-15 05:30:01 [INFO] Looking for type1 buy setups on 5 minute
2025-08-15 05:30:01 [INFO] Looking for type1 sell setups on 5 minute
2025-08-15 05:30:02 [INFO] MT5 connection closed
2025-08-15 05:30:02 [INFO] Trading bot stopped
2025-08-15 05:30:02 [INFO] Job "trading_job (trigger: cron[day_of_week='mon-sun', hour='*', minute='15,30,45,0'], next run at: 2025-08-15 05:45:00 WAT)" executed successfully
2025-08-15 05:45:00 [INFO] Running job "trading_job (trigger: cron[day_of_week='mon-sun', hour='*', minute='15,30,45,0'], next run at: 2025-08-15 06:00:00 WAT)" (scheduled at 2025-08-15 05:45:00+01:00)
2025-08-15 05:45:00 [INFO] MT5 initialized successfully
2025-08-15 05:45:00 [INFO] Successfully logged into 40396201
2025-08-15 05:45:00 [INFO] Looking for type1 buy setups on 15 minute
2025-08-15 05:45:00 [INFO] Looking for type1 sell setups on 15 minute
2025-08-15 05:45:00 [INFO] Looking for type1 buy setups on 5 minute
2025-08-15 05:45:01 [INFO] Looking for type1 sell setups on 5 minute
2025-08-15 05:45:02 [INFO] MT5 connection closed
2025-08-15 05:45:02 [INFO] Trading bot stopped
2025-08-15 05:45:02 [INFO] Job "trading_job (trigger: cron[day_of_week='mon-sun', hour='*', minute='15,30,45,0'], next run at: 2025-08-15 06:00:00 WAT)" executed successfully
2025-08-15 06:00:00 [INFO] Running job "trading_job (trigger: cron[day_of_week='mon-sun', hour='*', minute='15,30,45,0'], next run at: 2025-08-15 06:15:00 WAT)" (scheduled at 2025-08-15 06:00:00+01:00)
2025-08-15 06:00:00 [INFO] MT5 initialized successfully
2025-08-15 06:00:00 [INFO] Successfully logged into 40396201
2025-08-15 06:00:00 [INFO] Looking for type1 buy setups on 15 minute
2025-08-15 06:00:00 [INFO] Looking for type1 sell setups on 15 minute
2025-08-15 06:00:01 [INFO] Looking for type1 buy setups on 5 minute
2025-08-15 06:00:02 [INFO] Looking for type1 sell setups on 5 minute
2025-08-15 06:00:03 [INFO] MT5 connection closed
2025-08-15 06:00:03 [INFO] Trading bot stopped
2025-08-15 06:00:03 [INFO] Job "trading_job (trigger: cron[day_of_week='mon-sun', hour='*', minute='15,30,45,0'], next run at: 2025-08-15 06:15:00 WAT)" executed successfully
2025-08-15 06:15:00 [INFO] Running job "trading_job (trigger: cron[day_of_week='mon-sun', hour='*', minute='15,30,45,0'], next run at: 2025-08-15 06:30:00 WAT)" (scheduled at 2025-08-15 06:15:00+01:00)
2025-08-15 06:15:00 [INFO] MT5 initialized successfully
2025-08-15 06:15:00 [INFO] Successfully logged into 40396201
2025-08-15 06:15:00 [INFO] Looking for type1 buy setups on 15 minute
2025-08-15 06:15:00 [INFO] Looking for type1 sell setups on 15 minute
2025-08-15 06:15:01 [INFO] Looking for type1 buy setups on 5 minute
2025-08-15 06:15:02 [INFO] Looking for type1 sell setups on 5 minute
2025-08-15 06:15:05 [INFO] MT5 connection closed
2025-08-15 06:15:05 [INFO] Trading bot stopped
2025-08-15 06:15:05 [INFO] Job "trading_job (trigger: cron[day_of_week='mon-sun', hour='*', minute='15,30,45,0'], next run at: 2025-08-15 06:30:00 WAT)" executed successfully
2025-08-15 06:30:00 [INFO] Running job "trading_job (trigger: cron[day_of_week='mon-sun', hour='*', minute='15,30,45,0'], next run at: 2025-08-15 06:45:00 WAT)" (scheduled at 2025-08-15 06:30:00+01:00)
2025-08-15 06:30:00 [INFO] MT5 initialized successfully
2025-08-15 06:30:00 [INFO] Successfully logged into 40396201
2025-08-15 06:30:00 [INFO] Looking for type1 buy setups on 15 minute
2025-08-15 06:30:00 [INFO] Looking for type1 sell setups on 15 minute
2025-08-15 06:30:01 [INFO] Looking for type1 buy setups on 5 minute
2025-08-15 06:30:02 [INFO] Looking for type1 sell setups on 5 minute
2025-08-15 06:30:03 [INFO] MT5 connection closed
2025-08-15 06:30:03 [INFO] Trading bot stopped
2025-08-15 06:30:03 [INFO] Job "trading_job (trigger: cron[day_of_week='mon-sun', hour='*', minute='15,30,45,0'], next run at: 2025-08-15 06:45:00 WAT)" executed successfully
2025-08-15 06:45:00 [INFO] Running job "trading_job (trigger: cron[day_of_week='mon-sun', hour='*', minute='15,30,45,0'], next run at: 2025-08-15 07:00:00 WAT)" (scheduled at 2025-08-15 06:45:00+01:00)
2025-08-15 06:45:00 [INFO] MT5 initialized successfully
2025-08-15 06:45:00 [INFO] Successfully logged into 40396201
2025-08-15 06:45:00 [INFO] Looking for type1 buy setups on 15 minute
2025-08-15 06:45:00 [INFO] Looking for type1 sell setups on 15 minute
2025-08-15 06:45:01 [INFO] Looking for type1 buy setups on 5 minute
2025-08-15 06:45:02 [INFO] Looking for type1 sell setups on 5 minute
2025-08-15 06:45:03 [INFO] MT5 connection closed
2025-08-15 06:45:03 [INFO] Trading bot stopped
2025-08-15 06:45:03 [INFO] Job "trading_job (trigger: cron[day_of_week='mon-sun', hour='*', minute='15,30,45,0'], next run at: 2025-08-15 07:00:00 WAT)" executed successfully
2025-08-15 07:00:00 [INFO] Running job "trading_job (trigger: cron[day_of_week='mon-sun', hour='*', minute='15,30,45,0'], next run at: 2025-08-15 07:00:00 WAT)" (scheduled at 2025-08-15 07:00:00+01:00)
2025-08-15 07:00:00 [INFO] MT5 initialized successfully
2025-08-15 07:00:00 [INFO] Successfully logged into 40396201
2025-08-15 07:00:01 [INFO] Looking for type1 buy setups on 15 minute
2025-08-15 07:00:01 [INFO] Looking for type1 sell setups on 15 minute
2025-08-15 07:00:02 [INFO] Looking for type1 buy setups on 5 minute
2025-08-15 07:00:03 [INFO] Looking for type1 sell setups on 5 minute
2025-08-15 07:00:04 [INFO] MT5 connection closed
2025-08-15 07:00:04 [INFO] Trading bot stopped
2025-08-15 07:00:04 [INFO] Job "trading_job (trigger: cron[day_of_week='mon-sun', hour='*', minute='15,30,45,0'], next run at: 2025-08-15 07:15:00 WAT)" executed successfully
2025-08-15 07:15:00 [INFO] Running job "trading_job (trigger: cron[day_of_week='mon-sun', hour='*', minute='15,30,45,0'], next run at: 2025-08-15 07:30:00 WAT)" (scheduled at 2025-08-15 07:15:00+01:00)
2025-08-15 07:15:00 [INFO] MT5 initialized successfully
2025-08-15 07:15:00 [INFO] Successfully logged into 40396201
2025-08-15 07:15:00 [INFO] Looking for type1 buy setups on 15 minute
2025-08-15 07:15:01 [INFO] Looking for type1 sell setups on 15 minute
2025-08-15 07:15:02 [INFO] Looking for type1 buy setups on 5 minute
2025-08-15 07:15:05 [INFO] Looking for type1 sell setups on 5 minute
2025-08-15 07:15:06 [INFO] MT5 connection closed
2025-08-15 07:15:06 [INFO] Trading bot stopped
2025-08-15 07:15:06 [INFO] Job "trading_job (trigger: cron[day_of_week='mon-sun', hour='*', minute='15,30,45,0'], next run at: 2025-08-15 07:30:00 WAT)" executed successfully
2025-08-15 07:30:01 [WARNING] Run time of job "trading_job (trigger: cron[day_of_week='mon-sun', hour='*', minute='15,30,45,0'], next run at: 2025-08-15 07:45:00 WAT)" was missed by 0:00:01.120514
2025-08-15 07:45:00 [INFO] Running job "trading_job (trigger: cron[day_of_week='mon-sun', hour='*', minute='15,30,45,0'], next run at: 2025-08-15 08:00:00 WAT)" (scheduled at 2025-08-15 07:45:00+01:00)
2025-08-15 07:45:00 [INFO] MT5 initialized successfully
2025-08-15 07:45:00 [INFO] Successfully logged into 40396201
2025-08-15 07:45:00 [INFO] Looking for type1 buy setups on 15 minute
2025-08-15 07:45:00 [INFO] Present pattern on Volatility 30 (1s) Index: (6574.957, 6603.214, 6553.577, 6607.262, 6557.952, 6616.064)
2025-08-15 07:45:01 [INFO] Risk too high for this trade: 6.0
2025-08-15 07:45:01 [INFO] Looking for type1 sell setups on 15 minute
2025-08-15 07:45:01 [INFO] Looking for type1 buy setups on 5 minute
2025-08-15 07:45:02 [INFO] Looking for type1 sell setups on 5 minute
2025-08-15 07:45:03 [INFO] MT5 connection closed
2025-08-15 07:45:03 [INFO] Trading bot stopped
2025-08-15 07:45:03 [INFO] Job "trading_job (trigger: cron[day_of_week='mon-sun', hour='*', minute='15,30,45,0'], next run at: 2025-08-15 08:00:00 WAT)" executed successfully
2025-08-15 08:00:00 [INFO] Running job "trading_job (trigger: cron[day_of_week='mon-sun', hour='*', minute='15,30,45,0'], next run at: 2025-08-15 08:15:00 WAT)" (scheduled at 2025-08-15 08:00:00+01:00)
2025-08-15 08:00:00 [INFO] MT5 initialized successfully
2025-08-15 08:00:00 [INFO] Successfully logged into 40396201
2025-08-15 08:00:00 [INFO] Looking for type1 buy setups on 15 minute
2025-08-15 08:00:00 [INFO] Looking for type1 sell setups on 15 minute
2025-08-15 08:00:01 [INFO] Looking for type1 buy setups on 5 minute
2025-08-15 08:00:02 [INFO] Looking for type1 sell setups on 5 minute
2025-08-15 08:00:02 [INFO] MT5 connection closed
2025-08-15 08:00:02 [INFO] Trading bot stopped
2025-08-15 08:00:02 [INFO] Job "trading_job (trigger: cron[day_of_week='mon-sun', hour='*', minute='15,30,45,0'], next run at: 2025-08-15 08:15:00 WAT)" executed successfully
2025-08-15 08:15:00 [INFO] Running job "trading_job (trigger: cron[day_of_week='mon-sun', hour='*', minute='15,30,45,0'], next run at: 2025-08-15 08:30:00 WAT)" (scheduled at 2025-08-15 08:15:00+01:00)
2025-08-15 08:15:00 [INFO] MT5 initialized successfully
2025-08-15 08:15:00 [INFO] Successfully logged into 40396201
2025-08-15 08:15:00 [INFO] Looking for type1 buy setups on 15 minute
2025-08-15 08:15:00 [INFO] Looking for type1 sell setups on 15 minute
2025-08-15 08:15:01 [INFO] Looking for type1 buy setups on 5 minute
2025-08-15 08:15:01 [INFO] Looking for type1 sell setups on 5 minute
2025-08-15 08:15:02 [INFO] MT5 connection closed
2025-08-15 08:15:02 [INFO] Trading bot stopped
2025-08-15 08:15:02 [INFO] Job "trading_job (trigger: cron[day_of_week='mon-sun', hour='*', minute='15,30,45,0'], next run at: 2025-08-15 08:30:00 WAT)" executed successfully
2025-08-15 08:30:00 [INFO] Running job "trading_job (trigger: cron[day_of_week='mon-sun', hour='*', minute='15,30,45,0'], next run at: 2025-08-15 08:45:00 WAT)" (scheduled at 2025-08-15 08:30:00+01:00)
2025-08-15 08:30:00 [INFO] MT5 initialized successfully
2025-08-15 08:30:00 [INFO] Successfully logged into 40396201
2025-08-15 08:30:00 [INFO] Looking for type1 buy setups on 15 minute
2025-08-15 08:30:00 [INFO] Looking for type1 sell setups on 15 minute
2025-08-15 08:30:00 [INFO] Looking for type1 buy setups on 5 minute
2025-08-15 08:30:01 [INFO] Looking for type1 sell setups on 5 minute
2025-08-15 08:30:02 [INFO] MT5 connection closed
2025-08-15 08:30:02 [INFO] Trading bot stopped
2025-08-15 08:30:02 [INFO] Job "trading_job (trigger: cron[day_of_week='mon-sun', hour='*', minute='15,30,45,0'], next run at: 2025-08-15 08:45:00 WAT)" executed successfully
2025-08-15 08:45:00 [INFO] Running job "trading_job (trigger: cron[day_of_week='mon-sun', hour='*', minute='15,30,45,0'], next run at: 2025-08-15 09:00:00 WAT)" (scheduled at 2025-08-15 08:45:00+01:00)
2025-08-15 08:46:00 [WARNING] initialize_mt5 returned None (attempt: 1). 
 Trying again in 2 seconds
2025-08-15 08:47:03 [WARNING] initialize_mt5 returned None (attempt: 2). 
 Trying again in 2 seconds
2025-08-15 08:48:05 [WARNING] initialize_mt5 returned None (attempt: 3). 
 Trying again in 2 seconds
2025-08-15 08:48:07 [ERROR] initialize_mt5 failed after 3 attempts
2025-08-15 08:48:07 [INFO] Job "trading_job (trigger: cron[day_of_week='mon-sun', hour='*', minute='15,30,45,0'], next run at: 2025-08-15 09:00:00 WAT)" executed successfully
2025-08-15 09:00:00 [INFO] Running job "trading_job (trigger: cron[day_of_week='mon-sun', hour='*', minute='15,30,45,0'], next run at: 2025-08-15 09:15:00 WAT)" (scheduled at 2025-08-15 09:00:00+01:00)
2025-08-15 09:01:00 [WARNING] initialize_mt5 returned None (attempt: 1). 
 Trying again in 2 seconds
2025-08-15 09:02:03 [WARNING] initialize_mt5 returned None (attempt: 2). 
 Trying again in 2 seconds
2025-08-15 09:03:06 [WARNING] initialize_mt5 returned None (attempt: 3). 
 Trying again in 2 seconds
2025-08-15 09:03:08 [ERROR] initialize_mt5 failed after 3 attempts
2025-08-15 09:03:08 [INFO] Job "trading_job (trigger: cron[day_of_week='mon-sun', hour='*', minute='15,30,45,0'], next run at: 2025-08-15 09:15:00 WAT)" executed successfully
2025-08-15 09:15:00 [INFO] Running job "trading_job (trigger: cron[day_of_week='mon-sun', hour='*', minute='15,30,45,0'], next run at: 2025-08-15 09:30:00 WAT)" (scheduled at 2025-08-15 09:15:00+01:00)
2025-08-15 09:16:00 [WARNING] initialize_mt5 returned None (attempt: 1). 
 Trying again in 2 seconds
2025-08-15 09:17:03 [WARNING] initialize_mt5 returned None (attempt: 2). 
 Trying again in 2 seconds
2025-08-15 09:18:05 [WARNING] initialize_mt5 returned None (attempt: 3). 
 Trying again in 2 seconds
2025-08-15 09:18:07 [ERROR] initialize_mt5 failed after 3 attempts
2025-08-15 09:18:07 [INFO] Job "trading_job (trigger: cron[day_of_week='mon-sun', hour='*', minute='15,30,45,0'], next run at: 2025-08-15 09:30:00 WAT)" executed successfully
2025-08-15 09:30:02 [WARNING] Run time of job "trading_job (trigger: cron[day_of_week='mon-sun', hour='*', minute='15,30,45,0'], next run at: 2025-08-15 09:45:00 WAT)" was missed by 0:00:02.904145
2025-08-15 10:19:53 [WARNING] Run time of job "trading_job (trigger: cron[day_of_week='mon-sun', hour='*', minute='15,30,45,0'], next run at: 2025-08-15 10:30:00 WAT)" was missed by 0:04:53.954102
2025-08-15 10:30:00 [INFO] Running job "trading_job (trigger: cron[day_of_week='mon-sun', hour='*', minute='15,30,45,0'], next run at: 2025-08-15 10:45:00 WAT)" (scheduled at 2025-08-15 10:30:00+01:00)
2025-08-15 10:30:01 [INFO] MT5 initialized successfully
2025-08-15 10:30:01 [INFO] Successfully logged into 40396201
2025-08-15 10:30:03 [INFO] Looking for type1 buy setups on 15 minute
2025-08-15 10:30:16 [INFO] Looking for type1 sell setups on 15 minute
2025-08-15 10:30:16 [INFO] Looking for type1 buy setups on 5 minute
2025-08-15 10:30:19 [INFO] Looking for type1 sell setups on 5 minute
2025-08-15 10:30:20 [INFO] Present pattern on Volatility 100 (1s) Index: (505.76, 502.33, 511.4, 501.84, 507.67, 480.18)
2025-08-15 10:31:00 [INFO] Order placed successfully on Volatility 100 (1s) Index $$$$$$$$$$$$$$
2025-08-15 10:31:00 [INFO] MT5 connection closed
2025-08-15 10:31:00 [INFO] Trading bot stopped
2025-08-15 10:31:00 [INFO] Job "trading_job (trigger: cron[day_of_week='mon-sun', hour='*', minute='15,30,45,0'], next run at: 2025-08-15 10:45:00 WAT)" executed successfully
2025-08-15 10:45:00 [INFO] Running job "trading_job (trigger: cron[day_of_week='mon-sun', hour='*', minute='15,30,45,0'], next run at: 2025-08-15 11:00:00 WAT)" (scheduled at 2025-08-15 10:45:00+01:00)
2025-08-15 10:45:04 [INFO] MT5 initialized successfully
2025-08-15 10:45:04 [INFO] Successfully logged into 40396201
2025-08-15 10:45:04 [INFO] Looking for type1 buy setups on 15 minute
2025-08-15 10:45:04 [INFO] Looking for type1 sell setups on 15 minute
2025-08-15 10:45:05 [INFO] Looking for type1 buy setups on 5 minute
2025-08-15 10:45:06 [INFO] Looking for type1 sell setups on 5 minute
2025-08-15 10:45:07 [INFO] MT5 connection closed
2025-08-15 10:45:07 [INFO] Trading bot stopped
2025-08-15 10:45:07 [INFO] Job "trading_job (trigger: cron[day_of_week='mon-sun', hour='*', minute='15,30,45,0'], next run at: 2025-08-15 11:00:00 WAT)" executed successfully
2025-08-15 11:00:00 [INFO] Running job "trading_job (trigger: cron[day_of_week='mon-sun', hour='*', minute='15,30,45,0'], next run at: 2025-08-15 11:00:00 WAT)" (scheduled at 2025-08-15 11:00:00+01:00)
2025-08-15 11:00:00 [INFO] MT5 initialized successfully
2025-08-15 11:00:00 [INFO] Successfully logged into 40396201
2025-08-15 11:00:00 [INFO] Looking for type1 buy setups on 15 minute
2025-08-15 11:00:00 [INFO] Looking for type1 sell setups on 15 minute
2025-08-15 11:00:01 [INFO] Looking for type1 buy setups on 5 minute
2025-08-15 11:00:01 [INFO] Looking for type1 sell setups on 5 minute
2025-08-15 11:00:02 [INFO] MT5 connection closed
2025-08-15 11:00:02 [INFO] Trading bot stopped
2025-08-15 11:00:02 [INFO] Job "trading_job (trigger: cron[day_of_week='mon-sun', hour='*', minute='15,30,45,0'], next run at: 2025-08-15 11:15:00 WAT)" executed successfully
2025-08-15 11:15:00 [INFO] Running job "trading_job (trigger: cron[day_of_week='mon-sun', hour='*', minute='15,30,45,0'], next run at: 2025-08-15 11:30:00 WAT)" (scheduled at 2025-08-15 11:15:00+01:00)
2025-08-15 11:15:00 [INFO] MT5 initialized successfully
2025-08-15 11:15:00 [INFO] Successfully logged into 40396201
2025-08-15 11:15:00 [INFO] Looking for type1 buy setups on 15 minute
2025-08-15 11:15:00 [INFO] Looking for type1 sell setups on 15 minute
2025-08-15 11:15:02 [INFO] Looking for type1 buy setups on 5 minute
2025-08-15 11:15:05 [INFO] Looking for type1 sell setups on 5 minute
2025-08-15 11:15:05 [INFO] MT5 connection closed
2025-08-15 11:15:05 [INFO] Trading bot stopped
2025-08-15 11:15:05 [INFO] Job "trading_job (trigger: cron[day_of_week='mon-sun', hour='*', minute='15,30,45,0'], next run at: 2025-08-15 11:30:00 WAT)" executed successfully
2025-08-15 11:30:00 [INFO] Running job "trading_job (trigger: cron[day_of_week='mon-sun', hour='*', minute='15,30,45,0'], next run at: 2025-08-15 11:45:00 WAT)" (scheduled at 2025-08-15 11:30:00+01:00)
2025-08-15 11:30:00 [INFO] MT5 initialized successfully
2025-08-15 11:30:00 [INFO] Successfully logged into 40396201
2025-08-15 11:30:00 [INFO] Looking for type1 buy setups on 15 minute
2025-08-15 11:30:01 [INFO] Looking for type1 sell setups on 15 minute
2025-08-15 11:30:01 [INFO] Looking for type1 buy setups on 5 minute
2025-08-15 11:30:02 [INFO] Looking for type1 sell setups on 5 minute
2025-08-15 11:30:03 [INFO] MT5 connection closed
2025-08-15 11:30:03 [INFO] Trading bot stopped
2025-08-15 11:30:03 [INFO] Job "trading_job (trigger: cron[day_of_week='mon-sun', hour='*', minute='15,30,45,0'], next run at: 2025-08-15 11:45:00 WAT)" executed successfully
2025-08-15 11:45:00 [INFO] Running job "trading_job (trigger: cron[day_of_week='mon-sun', hour='*', minute='15,30,45,0'], next run at: 2025-08-15 12:00:00 WAT)" (scheduled at 2025-08-15 11:45:00+01:00)
2025-08-15 11:45:00 [INFO] MT5 initialized successfully
2025-08-15 11:45:00 [INFO] Successfully logged into 40396201
2025-08-15 11:45:00 [INFO] Looking for type1 buy setups on 15 minute
2025-08-15 11:45:01 [INFO] Looking for type1 sell setups on 15 minute
2025-08-15 11:45:01 [INFO] Looking for type1 buy setups on 5 minute
2025-08-15 11:45:02 [INFO] Present pattern on Volatility 30 (1s) Index: (6580.037, 6598.493, 6574.496, 6601.149, 6585.207, 6621.928)
2025-08-15 11:45:02 [INFO] Risk too high for this trade: 4.8
2025-08-15 11:45:02 [INFO] Looking for type1 sell setups on 5 minute
2025-08-15 11:45:03 [INFO] MT5 connection closed
2025-08-15 11:45:03 [INFO] Trading bot stopped
2025-08-15 11:45:03 [INFO] Job "trading_job (trigger: cron[day_of_week='mon-sun', hour='*', minute='15,30,45,0'], next run at: 2025-08-15 12:00:00 WAT)" executed successfully
2025-08-15 12:00:00 [INFO] Running job "trading_job (trigger: cron[day_of_week='mon-sun', hour='*', minute='15,30,45,0'], next run at: 2025-08-15 12:15:00 WAT)" (scheduled at 2025-08-15 12:00:00+01:00)
2025-08-15 12:00:00 [INFO] MT5 initialized successfully
2025-08-15 12:00:00 [INFO] Successfully logged into 40396201
2025-08-15 12:00:00 [INFO] Looking for type1 buy setups on 15 minute
2025-08-15 12:00:00 [INFO] Looking for type1 sell setups on 15 minute
2025-08-15 12:00:02 [INFO] Looking for type1 buy setups on 5 minute
2025-08-15 12:00:03 [INFO] Looking for type1 sell setups on 5 minute
2025-08-15 12:00:03 [INFO] MT5 connection closed
2025-08-15 12:00:03 [INFO] Trading bot stopped
2025-08-15 12:00:03 [INFO] Job "trading_job (trigger: cron[day_of_week='mon-sun', hour='*', minute='15,30,45,0'], next run at: 2025-08-15 12:15:00 WAT)" executed successfully
2025-08-15 12:15:00 [INFO] Running job "trading_job (trigger: cron[day_of_week='mon-sun', hour='*', minute='15,30,45,0'], next run at: 2025-08-15 12:30:00 WAT)" (scheduled at 2025-08-15 12:15:00+01:00)
2025-08-15 12:15:00 [INFO] MT5 initialized successfully
2025-08-15 12:15:00 [INFO] Successfully logged into 40396201
2025-08-15 12:15:00 [INFO] Looking for type1 buy setups on 15 minute
2025-08-15 12:15:00 [INFO] Looking for type1 sell setups on 15 minute
2025-08-15 12:15:04 [INFO] Looking for type1 buy setups on 5 minute
2025-08-15 12:15:04 [INFO] Present pattern on Volatility 15 (1s) Index: (13833.024, 13850.033, 13821.179, 13887.213, 13845.029, 13892.682)
2025-08-15 12:15:04 [INFO] Risk too high for this trade: 5.9
2025-08-15 12:15:06 [INFO] Looking for type1 sell setups on 5 minute
2025-08-15 12:15:06 [INFO] Present pattern on Volatility 10 Index: (6098.074, 6091.565, 6098.326, 6084.531, 6095.864, 6084.337)
2025-08-15 12:15:08 [INFO] Risk too high for this trade: 3.0
2025-08-15 12:15:10 [INFO] MT5 connection closed
2025-08-15 12:15:10 [INFO] Trading bot stopped
2025-08-15 12:15:10 [INFO] Job "trading_job (trigger: cron[day_of_week='mon-sun', hour='*', minute='15,30,45,0'], next run at: 2025-08-15 12:30:00 WAT)" executed successfully
2025-08-15 12:30:00 [INFO] Running job "trading_job (trigger: cron[day_of_week='mon-sun', hour='*', minute='15,30,45,0'], next run at: 2025-08-15 12:45:00 WAT)" (scheduled at 2025-08-15 12:30:00+01:00)
2025-08-15 12:31:03 [WARNING] initialize_mt5 returned None (attempt: 1). 
 Trying again in 2 seconds
2025-08-15 12:32:06 [WARNING] initialize_mt5 returned None (attempt: 2). 
 Trying again in 2 seconds
2025-08-15 12:33:08 [WARNING] initialize_mt5 returned None (attempt: 3). 
 Trying again in 2 seconds
2025-08-15 12:33:10 [ERROR] initialize_mt5 failed after 3 attempts
2025-08-15 12:33:11 [INFO] Job "trading_job (trigger: cron[day_of_week='mon-sun', hour='*', minute='15,30,45,0'], next run at: 2025-08-15 12:45:00 WAT)" executed successfully
2025-08-15 12:45:00 [INFO] Running job "trading_job (trigger: cron[day_of_week='mon-sun', hour='*', minute='15,30,45,0'], next run at: 2025-08-15 13:00:00 WAT)" (scheduled at 2025-08-15 12:45:00+01:00)
2025-08-15 12:46:00 [WARNING] initialize_mt5 returned None (attempt: 1). 
 Trying again in 2 seconds
2025-08-15 12:47:03 [WARNING] initialize_mt5 returned None (attempt: 2). 
 Trying again in 2 seconds
2025-08-15 12:48:05 [WARNING] initialize_mt5 returned None (attempt: 3). 
 Trying again in 2 seconds
2025-08-15 12:48:07 [ERROR] initialize_mt5 failed after 3 attempts
2025-08-15 12:48:07 [INFO] Job "trading_job (trigger: cron[day_of_week='mon-sun', hour='*', minute='15,30,45,0'], next run at: 2025-08-15 13:00:00 WAT)" executed successfully
2025-08-15 13:00:00 [INFO] Running job "trading_job (trigger: cron[day_of_week='mon-sun', hour='*', minute='15,30,45,0'], next run at: 2025-08-15 13:15:00 WAT)" (scheduled at 2025-08-15 13:00:00+01:00)
2025-08-15 13:00:00 [INFO] MT5 initialized successfully
2025-08-15 13:00:00 [INFO] Successfully logged into 40396201
2025-08-15 13:00:00 [INFO] Looking for type1 buy setups on 15 minute
2025-08-15 13:00:07 [INFO] Looking for type1 sell setups on 15 minute
2025-08-15 13:00:08 [INFO] Looking for type1 buy setups on 5 minute
2025-08-15 13:00:21 [INFO] Looking for type1 sell setups on 5 minute
2025-08-15 13:00:21 [INFO] Present pattern on Volatility 10 Index: (6098.074, 6091.565, 6098.326, 6084.531, 6095.864, 6074.339)
2025-08-15 13:00:21 [INFO] Risk too high for this trade: 3.2
2025-08-15 13:00:22 [INFO] MT5 connection closed
2025-08-15 13:00:22 [INFO] Trading bot stopped
2025-08-15 13:00:22 [INFO] Job "trading_job (trigger: cron[day_of_week='mon-sun', hour='*', minute='15,30,45,0'], next run at: 2025-08-15 13:15:00 WAT)" executed successfully
2025-08-15 13:15:01 [WARNING] Run time of job "trading_job (trigger: cron[day_of_week='mon-sun', hour='*', minute='15,30,45,0'], next run at: 2025-08-15 13:30:00 WAT)" was missed by 0:00:01.052703
2025-08-15 13:30:01 [WARNING] Run time of job "trading_job (trigger: cron[day_of_week='mon-sun', hour='*', minute='15,30,45,0'], next run at: 2025-08-15 13:45:00 WAT)" was missed by 0:00:01.494546
